
CPPTRAJ: Trajectory Analysis. V6.18.1 (AmberTools)
    ___  ___  ___  ___
     | \/ | \/ | \/ | 
    _|_/\_|_/\_|_/\_|_

| Date/time: 05/06/24 19:17:36
| Available memory: 113.266 GB

INPUT: Reading input from 'trunc_cap.in'
  [parm complex_solv.prmtop]
	Reading 'complex_solv.prmtop' as Amber Topology
	Radius Set: modified Bondi radii (mbondi)
  [reference complex_solv.pdb]
	Reading 'complex_solv.pdb' as PDB
	Read CRYST1 info from PDB: a=87.777 b=87.777 c=87.777 alpha=109.47 beta=109.47 gamma=109.47
Warning: Low precision truncated octahedron angles detected (109.47 vs 109.471).
Warning:   If desired, the 'box' command can be used during processing
Warning:   to set higher-precision angles.
Warning: PDB line length is short (67 chars, expected 80).
	Setting active reference for distance-based masks: 'complex_solv.pdb'
  [trajin complex_solv.pdb]
	Reading 'complex_solv.pdb' as PDB
	Read CRYST1 info from PDB: a=87.777 b=87.777 c=87.777 alpha=109.47 beta=109.47 gamma=109.47
Warning: Low precision truncated octahedron angles detected (109.47 vs 109.471).
Warning:   If desired, the 'box' command can be used during processing
Warning:   to set higher-precision angles.
Warning: PDB line length is short (67 chars, expected 80).
  [strip !(:72,94,109,122,136,182,200,330@C,O|:87,100,111,127,151,196,208,332@N,H|:73-86,95-99,110,123-126,137-150,183-195,201-207,331|:1)]
    STRIP: Stripping atoms in mask [!(:72,94,109,122,136,182,200,330@C,O|:87,100,111,127,151,196,208,332@N,H|:73-86,95-99,110,123-126,137-150,183-195,201-207,331|:1)]
  [strip :WAT]
    STRIP: Stripping atoms in mask [:WAT]
  [strip :Na+]
    STRIP: Stripping atoms in mask [:Na+]
  [strip :Cl-]
    STRIP: Stripping atoms in mask [:Cl-]
  [trajout trunc_cap.pdb]
	Writing 'trunc_cap.pdb' as PDB
  [run]
---------- RUN BEGIN -------------------------------------------------

PARAMETER FILES (1 total):
 0: complex_solv.prmtop, 45887 atoms, 13875 res, box: Truncated octahedron, 13536 mol, 13532 solvent

INPUT TRAJECTORIES (1 total):
 0: 'complex_solv.pdb' is a PDB file, Parm complex_solv.prmtop (Truncated octahedron box) (reading 1 of 1)
  Coordinate processing will occur on 1 frames.

REFERENCE FRAMES (1 total):
    0: complex_solv.pdb:1
	Active reference frame for distance-based masks is 'complex_solv.pdb:1'

OUTPUT TRAJECTORIES (1 total):
  'trunc_cap.pdb' (1 frames) is a PDB file

BEGIN TRAJECTORY PROCESSING:
.....................................................
ACTION SETUP FOR PARM 'complex_solv.prmtop' (4 actions):
  0: [strip !(:72,94,109,122,136,182,200,330@C,O|:87,100,111,127,151,196,208,332@N,H|:73-86,95-99,110,123-126,137-150,183-195,201-207,331|:1)]
	Stripping 44903 atoms.
	Stripped topology: 984 atoms, 76 res, box: Truncated octahedron, 9 mol
  1: [strip :WAT]
	Stripping 0 atoms.
Warning: No atoms to strip. Skipping.
Warning: Setup incomplete for [strip]: Skipping
  2: [strip :Na+]
	Stripping 0 atoms.
Warning: No atoms to strip. Skipping.
Warning: Setup incomplete for [strip]: Skipping
  3: [strip :Cl-]
	Stripping 0 atoms.
Warning: No atoms to strip. Skipping.
Warning: Setup incomplete for [strip]: Skipping
Warning: No PDB space group specified.
.....................................................
ACTIVE OUTPUT TRAJECTORIES (1):
  trunc_cap.pdb (coordinates, box)
----- complex_solv.pdb (1-1, 1) -----
100% Complete.

Read 1 frames and processed 1 frames.
TIME: Avg. throughput= 50.0175 frames / second.

ACTION OUTPUT:
TIME: Analyses took 0.0000 seconds.

RUN TIMING:
TIME:		Init               : 0.0000 s (  0.05%)
TIME:		Trajectory Process : 0.0200 s ( 98.09%)
TIME:		Action Post        : 0.0000 s (  0.00%)
TIME:		Analysis           : 0.0000 s (  0.00%)
TIME:		Data File Write    : 0.0000 s (  0.01%)
TIME:		Other              : 0.0004 s (  0.02%)
TIME:	Run Total 0.0204 s
---------- RUN END ---------------------------------------------------
  [quit]
TIME: Total execution time: 0.1234 seconds.
--------------------------------------------------------------------------------
To cite CPPTRAJ use:
Daniel R. Roe and Thomas E. Cheatham, III, "PTRAJ and CPPTRAJ: Software for
  Processing and Analysis of Molecular Dynamics Trajectory Data". J. Chem.
  Theory Comput., 2013, 9 (7), pp 3084-3095.

